<?xml version="1.0" encoding="UTF-8"?>
<testsuite xmlns:xsi="http://www.w3.org/2001/XMLSchema-instance" xsi:noNamespaceSchemaLocation="https://maven.apache.org/surefire/maven-surefire-plugin/xsd/surefire-test-report-3.0.xsd" version="3.0" name="HippodromeTest" time="2.072" tests="5" errors="0" skipped="0" failures="0">
  <properties>
[...]
</properties>
  <testcase name="move" classname="HippodromeTest" time="1.938">
    <system-out><![CDATA[ERROR StatusConsoleListener appender RollingFile has no field or parameter that matches element Policies
]]></system-out>
    <system-err><![CDATA[WARNING: A Java agent has been loaded dynamically (C:\Users\terst\.m2\repository\net\bytebuddy\byte-buddy-agent\1.15.0\byte-buddy-agent-1.15.0.jar)
WARNING: If a serviceability tool is in use, please run with -XX:+EnableDynamicAgentLoading to hide this warning
WARNING: If a serviceability tool is not in use, please run with -Djdk.instrument.traceUsage for more information
WARNING: Dynamic loading of agents will be disallowed by default in a future release
]]></system-err>
  </testcase>
  <testcase name="getHorses" classname="HippodromeTest" time="0.044"/>
  <testcase name="constructor_NullParameter_IllegalArgumentException" classname="HippodromeTest" time="0.04"/>
  <testcase name="getWinner" classname="HippodromeTest" time="0.004"/>
  <testcase name="constructor_EmptyListParameter_IllegalArgumentException" classname="HippodromeTest" time="0.002"/>
</testsuite>